<?xml version="1.0" encoding="UTF-8" ?>
<testsuite tests="6" failures="0" name="client.TestPhotoAlbumClient" time="2.044" errors="0" skipped="0">
  <properties>
    <property name="java.runtime.name" value="OpenJDK Runtime Environment"/>
    <property name="java.vm.version" value="10.0.2+13-Ubuntu-1ubuntu0.18.04.1"/>
    <property name="sun.boot.library.path" value="/usr/lib/jvm/java-11-openjdk-amd64/lib"/>
    <property name="maven.multiModuleProjectDirectory" value="/home/gabriel/eclipse-workspace/photo-album"/>
    <property name="java.vm.vendor" value="Oracle Corporation"/>
    <property name="java.vendor.url" value="http://java.oracle.com/"/>
    <property name="guice.disable.misplaced.annotation.check" value="true"/>
    <property name="path.separator" value=":"/>
    <property name="java.vm.name" value="OpenJDK 64-Bit Server VM"/>
    <property name="file.encoding.pkg" value="sun.io"/>
    <property name="sun.os.patch.level" value="unknown"/>
    <property name="user.country" value="US"/>
    <property name="sun.java.launcher" value="SUN_STANDARD"/>
    <property name="java.vm.specification.name" value="Java Virtual Machine Specification"/>
    <property name="user.dir" value="/home/gabriel/eclipse-workspace/photo-album"/>
    <property name="java.vm.compressedOopsMode" value="Zero based"/>
    <property name="java.runtime.version" value="10.0.2+13-Ubuntu-1ubuntu0.18.04.1"/>
    <property name="java.awt.graphicsenv" value="sun.awt.X11GraphicsEnvironment"/>
    <property name="os.arch" value="amd64"/>
    <property name="java.io.tmpdir" value="/tmp"/>
    <property name="line.separator" value="
"/>
    <property name="java.vm.specification.vendor" value="Oracle Corporation"/>
    <property name="os.name" value="Linux"/>
    <property name="classworlds.conf" value="/home/gabriel/eclipse-workspace/.metadata/.plugins/org.eclipse.m2e.launching/launches/m2conf11264318892268930698.tmp"/>
    <property name="sun.jnu.encoding" value="UTF-8"/>
    <property name="java.library.path" value="/usr/java/packages/lib:/usr/lib/x86_64-linux-gnu/jni:/lib/x86_64-linux-gnu:/usr/lib/x86_64-linux-gnu:/usr/lib/jni:/lib:/usr/lib"/>
    <property name="jdk.debug" value="release"/>
    <property name="java.class.version" value="54.0"/>
    <property name="java.specification.name" value="Java Platform API Specification"/>
    <property name="sun.management.compiler" value="HotSpot 64-Bit Tiered Compilers"/>
    <property name="os.version" value="4.15.0-33-generic"/>
    <property name="user.home" value="/home/gabriel"/>
    <property name="user.timezone" value="America/Chicago"/>
    <property name="java.awt.printerjob" value="sun.print.PSPrinterJob"/>
    <property name="file.encoding" value="UTF-8"/>
    <property name="java.specification.version" value="10"/>
    <property name="user.name" value="gabriel"/>
    <property name="java.class.path" value="/home/gabriel/.p2/pool/plugins/org.eclipse.m2e.maven.runtime_1.9.0.20180606-2035/jars/plexus-classworlds-2.5.2.jar"/>
    <property name="java.vm.specification.version" value="10"/>
    <property name="sun.arch.data.model" value="64"/>
    <property name="sun.java.command" value="org.codehaus.plexus.classworlds.launcher.Launcher -B clean install"/>
    <property name="java.home" value="/usr/lib/jvm/java-11-openjdk-amd64"/>
    <property name="user.language" value="en"/>
    <property name="java.specification.vendor" value="Oracle Corporation"/>
    <property name="awt.toolkit" value="sun.awt.X11.XToolkit"/>
    <property name="java.vm.info" value="mixed mode"/>
    <property name="java.version" value="10.0.2"/>
    <property name="securerandom.source" value="file:/dev/./urandom"/>
    <property name="java.vendor" value="Oracle Corporation"/>
    <property name="maven.home" value="/home/gabriel/eclipse-workspace/photo-album/EMBEDDED"/>
    <property name="file.separator" value="/"/>
    <property name="java.version.date" value="2018-07-17"/>
    <property name="java.vendor.url.bug" value="http://bugreport.java.com/bugreport/"/>
    <property name="sun.io.unicode.encoding" value="UnicodeLittle"/>
    <property name="sun.cpu.endian" value="little"/>
    <property name="sun.cpu.isalist" value=""/>
  </properties>
  <testcase classname="client.TestPhotoAlbumClient" name="verifyAlbumId100" time="1.236"/>
  <testcase classname="client.TestPhotoAlbumClient" name="verifyNumberTracks" time="0.17"/>
  <testcase classname="client.TestPhotoAlbumClient" name="connected" time="0.2"/>
  <testcase classname="client.TestPhotoAlbumClient" name="contentType" time="0.11"/>
  <testcase classname="client.TestPhotoAlbumClient" name="path" time="0.143"/>
  <testcase classname="client.TestPhotoAlbumClient" name="invalidAlbum" time="0.185"/>
</testsuite>